\BOOKMARK [1][-]{section.1}{S\351rie de Fourier}{}% 1
\BOOKMARK [2][-]{subsection.1.1}{Quest\343o 1}{section.1}% 2
\BOOKMARK [3][-]{subsubsection.1.1.1}{Item a}{subsection.1.1}% 3
\BOOKMARK [3][-]{subsubsection.1.1.2}{Item b}{subsection.1.1}% 4
\BOOKMARK [3][-]{subsubsection.1.1.3}{Item c}{subsection.1.1}% 5
\BOOKMARK [2][-]{subsection.1.2}{Quest\343o 2}{section.1}% 6
\BOOKMARK [2][-]{subsection.1.3}{Quest\343o 3}{section.1}% 7
\BOOKMARK [3][-]{subsubsection.1.3.1}{Item a}{subsection.1.3}% 8
\BOOKMARK [3][-]{subsubsection.1.3.2}{Item b}{subsection.1.3}% 9
\BOOKMARK [2][-]{subsection.1.4}{Quest\343o 4}{section.1}% 10
\BOOKMARK [3][-]{subsubsection.1.4.1}{Item a}{subsection.1.4}% 11
\BOOKMARK [3][-]{subsubsection.1.4.2}{Item b}{subsection.1.4}% 12
\BOOKMARK [2][-]{subsection.1.5}{Quest\343o 5}{section.1}% 13
\BOOKMARK [3][-]{subsubsection.1.5.1}{Item a}{subsection.1.5}% 14
\BOOKMARK [3][-]{subsubsection.1.5.2}{Item b}{subsection.1.5}% 15
\BOOKMARK [2][-]{subsection.1.6}{Quest\343o 6}{section.1}% 16
\BOOKMARK [3][-]{subsubsection.1.6.1}{Item a}{subsection.1.6}% 17
\BOOKMARK [3][-]{subsubsection.1.6.2}{Item b}{subsection.1.6}% 18
\BOOKMARK [1][-]{section.2}{Transformada de Fourier}{}% 19
\BOOKMARK [2][-]{subsection.2.1}{Quest\343o 7}{section.2}% 20
\BOOKMARK [3][-]{subsubsection.2.1.1}{Item a}{subsection.2.1}% 21
\BOOKMARK [3][-]{subsubsection.2.1.2}{Item b}{subsection.2.1}% 22
\BOOKMARK [3][-]{subsubsection.2.1.3}{Item c}{subsection.2.1}% 23
\BOOKMARK [2][-]{subsection.2.2}{Quest\343o 8}{section.2}% 24
\BOOKMARK [2][-]{subsection.2.3}{Quest\343o 9}{section.2}% 25
\BOOKMARK [3][-]{subsubsection.2.3.1}{Item a}{subsection.2.3}% 26
\BOOKMARK [3][-]{subsubsection.2.3.2}{Item b}{subsection.2.3}% 27
\BOOKMARK [2][-]{subsection.2.4}{Quest\343o 10}{section.2}% 28
\BOOKMARK [2][-]{subsection.2.5}{Quest\343o 11}{section.2}% 29
\BOOKMARK [3][-]{subsubsection.2.5.1}{Item a}{subsection.2.5}% 30
\BOOKMARK [3][-]{subsubsection.2.5.2}{Item b}{subsection.2.5}% 31
